-------------------- Log Start | Tue Apr 23 19:57:20 2024 --------------------
data_path: /home/mks/printer_data
is_default_data_path: False
config_file: /home/mks/klipper_config/moonraker.conf
startup_warnings: []
verbose: False
debug: False
asyncio_debug: False
is_backup_config: False
is_python_package: True
instance_uuid: f66d088237f64ce68631ede652daabb2
unix_socket_path: /home/mks/printer_data/comms/moonraker.sock
software_version: v0.8.0-314-gaadff0d
git_branch: master
git_remote: origin
git_repo_url: https://github.com/Arksine/moonraker.git
modified_files: []
unofficial_components: []
log_file: /home/mks/klipper_logs/moonraker.log
python_version: 3.7.3 (default, Jan 22 2021, 20:04:44)  [GCC 8.3.0]
launch_args: /home/mks/moonraker-env/bin/python /home/mks/moonraker/moonraker/__main__.py
msgspec_enabled: False
uvloop_enabled: False

#################### Moonraker Configuration ####################

[server]
host = 0.0.0.0
port = 7125
klippy_uds_address = /tmp/klippy_uds

[authorization]
trusted_clients = 
	10.0.0.0/8
	127.0.0.0/8
	169.254.0.0/16
	172.16.0.0/12
	192.168.0.0/16
	FE80::/10
	::1/128
cors_domains = 
	http://*.lan
	http://*.local
	https://my.mainsail.xyz
	http://my.mainsail.xyz
	https://app.fluidd.xyz
	http://app.fluidd.xyz

[database]

[file_manager]

[octoprint_compat]

[update_manager klipper-backup]
type = git_repo
path = /home/mks/klipper-backup
origin = https://github.com/Staubgeborener/klipper-backup.git
managed_services = moonraker
primary_branch = main

[history]

#################################################################
All Configuration Files:
/home/mks/klipper_config/moonraker.conf
#################################################################

Database Versions: pylmdb = 1.4.1, lmdb = (0, 9, 29)
Unsafe Shutdown Count: 2

System Info:

***python***
  version: (3, 7, 3, 'final', 0)
  version_string: 3.7.3 (default, Jan 22 2021, 20:04:44)  [GCC 8.3.0]

***cpu_info***
  cpu_count: 4
  bits: 64bit
  processor: aarch64
  cpu_desc: 
  serial_number: 
  hardware_desc: 
  model: 
  total_memory: 999780
  memory_units: kB

***sd_info***

***distribution***
  name: Debian GNU/Linux 10 (buster)
  id: debian
  version: 10
  version_parts: {'major': '10', 'minor': '', 'build_number': ''}
  like: 
  codename: buster
  release_info: {'name': '# PLEASE DO NOT EDIT THIS FILE', 'id': 'armbian'}

***virtualization***
  virt_type: none
  virt_identifier: none

***network***

***canbus***

***Allowed Services***
  klipper_mcu
  webcamd
  MoonCord
  KlipperScreen
  moonraker-telegram-bot
  moonraker-obico
  sonar
  crowsnest
  octoeverywhere
  ratos-configurator
Module libcamera unavailble, import failed

Systemd unit moonraker.service:
unit_name: moonraker.service
is_default: True
manager: systemd
Properties:
**Requires=['sysinit.target', 'system.slice', 'network-online.target']
**After=['sysinit.target', 'systemd-journald.socket', 'basic.target', 'system.slice', 'network-online.target']
**SupplementaryGroups=['moonraker-admin']
**EnvironmentFiles=/home/mks/printer_data/systemd/moonraker.env
**ExecStart=/home/mks/moonraker-env/bin/python $MOONRAKER_ARGS
**WorkingDirectory=
**FragmentPath=/etc/systemd/system/moonraker.service
**Description=API Server for Klipper SV1
**User=mks

Systemd unit klipper.service:
unit_name: klipper.service
is_default: True
manager: systemd
Properties:
**Requires=['system.slice', 'sysinit.target']
**After=['sysinit.target', 'network.target', 'systemd-journald.socket', 'system.slice', 'basic.target']
**SupplementaryGroups=[]
**EnvironmentFiles=[]
**ExecStart=/home/mks/klippy-env/bin/python /home/mks/klipper/klippy/klippy.py ${KLIPPER_CONFIG} -I ${KLIPPER_PRINTER} -l ${KLIPPER_LOG} -a ${KLIPPER_SOCKET}
**WorkingDirectory=
**FragmentPath=/etc/systemd/system/klipper.service
**Description=Systemd Klipper Service
**User=mks
Git Repo moonraker: No warnings detected
Git Repo klipper: Warnings detected:
  Repo has untracked source files: ['klippy/extras/gcode_shell_command.py', 'klippy/extras/x_twist_compensation.py']
Git Repo klipper-backup: No warnings detected
Klipper Version: v0.12.0-113-g28f06a10-dirty
2024-04-24 03:57:20,484 [data_store.py:_init_sensors()] - Configuring available sensors: ['heater_bed', 'heater_generic heater_bed1', 'extruder']
2024-04-24 03:57:22,188 [klippy_connection.py:close()] - Error closing Klippy Unix Socket
Traceback (most recent call last):
  File "/home/mks/moonraker/moonraker/components/klippy_connection.py", line 769, in close
    await self.writer.wait_closed()
  File "/usr/lib/python3.7/asyncio/streams.py", line 323, in wait_closed
    await self._protocol._closed
  File "/home/mks/moonraker/moonraker/components/klippy_connection.py", line 172, in _read_stream
    data = await reader.readuntil(b'\x03')
  File "/usr/lib/python3.7/asyncio/streams.py", line 588, in readuntil
    await self._wait_for_data('readuntil')
  File "/usr/lib/python3.7/asyncio/streams.py", line 473, in _wait_for_data
    await self._waiter
  File "/usr/lib/python3.7/asyncio/selector_events.py", line 801, in _read_ready__data_received
    data = self._sock.recv(self.max_size)
ConnectionResetError: [Errno 104] Connection reset by peer
2024-04-24 03:57:22,189 [klippy_connection.py:_on_connection_closed()] - Klippy Connection Removed
2024-04-24 03:57:22,193 [common.py:build_error()] - JSON-RPC Request Error - Requested Method: printer.objects.query, Code: 503, Message: Klippy Disconnected
2024-04-24 03:57:23,141 [common.py:build_error()] - JSON-RPC Request Error - Requested Method: printer.objects.query, Code: 503, Message: Klippy Host not connected
2024-04-24 03:57:23,456 [klippy_connection.py:_do_connect()] - Klippy Connection Established
2024-04-24 03:57:26,989 [klippy_connection.py:_request_initial_subscriptions()] - Webhooks Subscribed
2024-04-24 03:57:26,995 [klippy_connection.py:_request_initial_subscriptions()] - GCode Output Subscribed
2024-04-24 03:57:27,241 [job_state.py:_handle_started()] - Job state initialized: standby
2024-04-24 03:57:27,516 [klippy_connection.py:_check_ready()] - Klippy ready
2024-04-24 03:57:27,996 [data_store.py:_init_sensors()] - Configuring available sensors: ['heater_bed', 'heater_generic heater_bed1', 'extruder']
2024-04-24 03:57:46,563 [authorization.py:_check_trusted_connection()] - Trusted Connection Detected, IP: 192.168.0.69
2024-04-24 03:57:46,953 [application.py:log_request()] - 101 GET /websocket?token=IPFDK6S3MZ6E2BJOTPDHSTLR5VNKZ4K2 (192.168.0.69) [_TRUSTED_USER_] 9.34ms
2024-04-24 03:57:46,954 [websockets.py:open()] - Websocket Opened: ID: 281473078475240, Proxied: True, User Agent: Mozilla/5.0 (Windows NT 10.0; Win64; x64) AppleWebKit/537.36 (KHTML, like Gecko) Chrome/124.0.0.0 Safari/537.36, Host Name: 192.168.0.88
2024-04-24 03:57:47,010 [websockets.py:_handle_identify()] - Websocket 281473078475240 Client Identified - Name: fluidd, Version: 1.28.1-d1ef3a4, Type: web
2024-04-24 03:57:47,012 [file_manager.py:get_file_list()] - Updating File List <config>...
2024-04-24 03:58:26,140 [application.py:prepare()] - Upload Request Received from 192.168.0.69
Content-Type: multipart/form-data; boundary=----WebKitFormBoundaryvFB48BC59BbJu7Yz
2024-04-24 03:58:26,178 [application.py:post()] - Processing Uploaded File: Untitled.gcode
2024-04-24 03:58:26,819 [shell_command.py:pipe_data_received()] - INFO:metadata:Object Processing is disabled

2024-04-24 03:58:26,953 [shell_command.py:_check_proc_success()] - Command (/home/mks/moonraker-env/bin/python /home/mks/moonraker/moonraker/components/file_manager/metadata.py -p /home/mks/gcode_files -f "Untitled.gcode") successfully finished
2024-04-24 03:58:26,963 [application.py:log_request()] - 201 POST /server/files/upload (192.168.0.69) [_TRUSTED_USER_] 824.86ms
2024-04-24 04:00:55,121 [application.py:prepare()] - Upload Request Received from 192.168.0.69
Content-Type: multipart/form-data; boundary=----WebKitFormBoundaryScifYqltZIUTtgcF
2024-04-24 04:00:55,128 [application.py:post()] - Processing Uploaded File: webcam.txt
2024-04-24 04:00:55,139 [application.py:log_request()] - 201 POST /server/files/upload (192.168.0.69) [_TRUSTED_USER_] 20.23ms
2024-04-24 04:01:42,231 [job_state.py:_status_update()] - Job Started: Untitled.gcode
2024-04-24 04:02:17,314 [authorization.py:_prune_conn_handler()] - Trusted Connection Expired, IP: 127.0.0.1
2024-04-24 04:12:42,588 [job_state.py:_status_update()] - Job Started: rhinomax_shark_parts_v17_slanted_tray.gcode
2024-04-24 05:05:38,768 [job_state.py:_status_update()] - Job Started: Dragonite V2.gcode
2024-04-24 05:06:38,796 [klippy_connection.py:wait()] - Request 'gcode/script' pending: 60.00 seconds
2024-04-24 05:06:39,195 [klippy_connection.py:wait()] - Request 'gcode/script' pending: 60.00 seconds
2024-04-24 05:06:39,738 [klippy_connection.py:wait()] - Request 'gcode/script' pending: 60.00 seconds
2024-04-24 05:06:39,786 [klippy_connection.py:wait()] - Request 'gcode/script' pending: 60.00 seconds
2024-04-24 05:06:39,826 [klippy_connection.py:wait()] - Request 'gcode/script' pending: 60.00 seconds
2024-04-24 05:06:39,827 [klippy_connection.py:wait()] - Request 'gcode/script' pending: 60.00 seconds
2024-04-24 05:07:39,740 [klippy_connection.py:wait()] - Request 'gcode/script' pending: 120.00 seconds
2024-04-24 05:07:39,788 [klippy_connection.py:wait()] - Request 'gcode/script' pending: 120.00 seconds
2024-04-24 05:07:39,829 [klippy_connection.py:wait()] - Request 'gcode/script' pending: 120.01 seconds
2024-04-24 05:07:39,830 [klippy_connection.py:wait()] - Request 'gcode/script' pending: 120.01 seconds
2024-04-24 05:51:48,091 [websockets.py:on_close()] - Websocket Closed: ID: 281473078475240 Close Code: None, Close Reason: None, Pong Time Elapsed: 0.89
2024-04-24 05:52:21,903 [application.py:log_request()] - 101 GET /websocket?token=SSRF3SMMCALSCKFDMEJHUNLVS2RSG6WM (192.168.0.69) [_TRUSTED_USER_] 4.36ms
2024-04-24 05:52:21,904 [websockets.py:open()] - Websocket Opened: ID: 281473077792440, Proxied: True, User Agent: Mozilla/5.0 (Windows NT 10.0; Win64; x64) AppleWebKit/537.36 (KHTML, like Gecko) Chrome/124.0.0.0 Safari/537.36, Host Name: 192.168.0.88
2024-04-24 05:52:22,585 [websockets.py:_handle_identify()] - Websocket 281473077792440 Client Identified - Name: fluidd, Version: 1.28.1-d1ef3a4, Type: web
2024-04-24 05:52:22,587 [file_manager.py:get_file_list()] - Updating File List <config>...
2024-04-24 06:47:23,764 [websockets.py:on_close()] - Websocket Closed: ID: 281473077792440 Close Code: None, Close Reason: None, Pong Time Elapsed: 1.37
2024-04-24 06:57:17,362 [authorization.py:_prune_conn_handler()] - Trusted Connection Expired, IP: 192.168.0.69
2024-04-24 07:58:21,945 [authorization.py:_check_trusted_connection()] - Trusted Connection Detected, IP: 192.168.0.69
2024-04-24 07:58:22,650 [application.py:log_request()] - 101 GET /websocket?token=OEFSQN4EEEWSGA3EUEC26GBC6472YXI4 (192.168.0.69) [_TRUSTED_USER_] 4.08ms
2024-04-24 07:58:22,651 [websockets.py:open()] - Websocket Opened: ID: 281473077715632, Proxied: True, User Agent: Mozilla/5.0 (Windows NT 10.0; Win64; x64) AppleWebKit/537.36 (KHTML, like Gecko) Chrome/124.0.0.0 Safari/537.36, Host Name: 192.168.0.88
2024-04-24 07:58:22,697 [websockets.py:_handle_identify()] - Websocket 281473077715632 Client Identified - Name: fluidd, Version: 1.28.1-d1ef3a4, Type: web
2024-04-24 07:58:22,702 [file_manager.py:get_file_list()] - Updating File List <config>...
