-------------------- Log Start | Sun Sep 28 11:42:14 2025 --------------------
data_path: /home/mks/printer_data
is_default_data_path: False
config_file: /home/mks/klipper_config/moonraker.conf
startup_warnings: []
verbose: False
debug: False
asyncio_debug: False
is_backup_config: False
is_python_package: True
instance_uuid: f66d088237f64ce68631ede652daabb2
unix_socket_path: /home/mks/printer_data/comms/moonraker.sock
software_version: v0.8.0-314-gaadff0d
git_branch: master
git_remote: origin
git_repo_url: https://github.com/Arksine/moonraker.git
modified_files: []
unofficial_components: []
log_file: /home/mks/klipper_logs/moonraker.log
python_version: 3.7.3 (default, Jan 22 2021, 20:04:44)  [GCC 8.3.0]
launch_args: /home/mks/moonraker-env/bin/python /home/mks/moonraker/moonraker/__main__.py
msgspec_enabled: False
uvloop_enabled: False

#################### Moonraker Configuration ####################

[server]
host = 0.0.0.0
port = 7125
klippy_uds_address = /tmp/klippy_uds

[authorization]
trusted_clients = 
	10.0.0.0/8
	127.0.0.0/8
	169.254.0.0/16
	172.16.0.0/12
	192.168.0.0/16
	FE80::/10
	::1/128
cors_domains = 
	http://*.lan
	http://*.local
	https://my.mainsail.xyz
	http://my.mainsail.xyz
	https://app.fluidd.xyz
	http://app.fluidd.xyz

[database]

[file_manager]
enable_object_processing = True

[octoprint_compat]

[update_manager klipper-backup]
type = git_repo
path = /home/mks/klipper-backup
origin = https://github.com/Staubgeborener/klipper-backup.git
managed_services = moonraker
primary_branch = main

[update_manager Klipper-Adaptive-Meshing-Purging]
type = git_repo
channel = dev
path = ~/Klipper-Adaptive-Meshing-Purging
origin = https://github.com/kyleisah/Klipper-Adaptive-Meshing-Purging.git
managed_services = klipper
primary_branch = main

[history]

#################################################################
All Configuration Files:
/home/mks/klipper_config/moonraker.conf
#################################################################

Database Versions: pylmdb = 1.4.1, lmdb = (0, 9, 29)
Unsafe Shutdown Count: 3

System Info:

***python***
  version: (3, 7, 3, 'final', 0)
  version_string: 3.7.3 (default, Jan 22 2021, 20:04:44)  [GCC 8.3.0]

***cpu_info***
  cpu_count: 4
  bits: 64bit
  processor: aarch64
  cpu_desc: 
  serial_number: 
  hardware_desc: 
  model: 
  total_memory: 999780
  memory_units: kB

***sd_info***

***distribution***
  name: Debian GNU/Linux 10 (buster)
  id: debian
  version: 10
  version_parts: {'major': '10', 'minor': '', 'build_number': ''}
  like: 
  codename: buster
  release_info: {'name': '# PLEASE DO NOT EDIT THIS FILE', 'id': 'armbian'}

***virtualization***
  virt_type: none
  virt_identifier: none

***network***

***canbus***

***Allowed Services***
  klipper_mcu
  webcamd
  MoonCord
  KlipperScreen
  moonraker-telegram-bot
  moonraker-obico
  sonar
  crowsnest
  octoeverywhere
  ratos-configurator
Module libcamera unavailble, import failed

Systemd unit moonraker.service:
unit_name: moonraker.service
is_default: True
manager: systemd
Properties:
**Requires=['sysinit.target', 'system.slice', 'network-online.target']
**After=['sysinit.target', 'basic.target', 'system.slice', 'network-online.target', 'systemd-journald.socket']
**SupplementaryGroups=['moonraker-admin']
**EnvironmentFiles=/home/mks/printer_data/systemd/moonraker.env
**ExecStart=/home/mks/moonraker-env/bin/python $MOONRAKER_ARGS
**WorkingDirectory=
**FragmentPath=/etc/systemd/system/moonraker.service
**Description=API Server for Klipper SV1
**User=mks

Systemd unit klipper.service:
unit_name: klipper.service
is_default: True
manager: systemd
Properties:
**Requires=['sysinit.target', 'system.slice']
**After=['sysinit.target', 'systemd-journald.socket', 'network.target', 'basic.target', 'system.slice']
**SupplementaryGroups=[]
**EnvironmentFiles=[]
**ExecStart=/home/mks/klippy-env/bin/python /home/mks/klipper/klippy/klippy.py ${KLIPPER_CONFIG} -I ${KLIPPER_PRINTER} -l ${KLIPPER_LOG} -a ${KLIPPER_SOCKET}
**WorkingDirectory=
**FragmentPath=/etc/systemd/system/klipper.service
**Description=Systemd Klipper Service
**User=mks
Git Repo moonraker: No warnings detected
Git Repo klipper: Warnings detected:
  Repo has untracked source files: ['klippy/extras/gcode_shell_command.py', 'klippy/extras/x_twist_compensation.py']
Git Repo klipper-backup: No warnings detected
Git Repo Klipper-Adaptive-Meshing-Purging: No warnings detected
2025-09-28 12:42:14,186 [extensions.py:start_unix_server()] - Creating Unix Domain Socket at '/home/mks/printer_data/comms/moonraker.sock'
2025-09-28 12:42:14,253 [server.py:start_server()] - Starting Moonraker on (0.0.0.0, 7125), Hostname: DozPi
2025-09-28 12:42:14,269 [application.py:listen()] - SSL Certificate/Key not configured, aborting HTTPS Server startup
2025-09-28 12:42:14,527 [klippy_connection.py:_do_connect()] - Klippy Connection Established
2025-09-28 12:42:14,854 [server.py:add_log_rollover_item()] - 
Systemd unit klipper.service:
unit_name: klipper.service
is_default: True
manager: systemd
Properties:
**Requires=['system.slice', 'sysinit.target']
**After=['system.slice', 'systemd-journald.socket', 'sysinit.target', 'network.target', 'basic.target']
**SupplementaryGroups=[]
**EnvironmentFiles=[]
**ExecStart=/home/mks/klippy-env/bin/python /home/mks/klipper/klippy/klippy.py ${KLIPPER_CONFIG} -I ${KLIPPER_PRINTER} -l ${KLIPPER_LOG} -a ${KLIPPER_SOCKET}
**WorkingDirectory=
**FragmentPath=/etc/systemd/system/klipper.service
**Description=Systemd Klipper Service
**User=mks
2025-09-28 12:42:14,895 [authorization.py:_check_trusted_connection()] - Trusted Connection Detected, IP: 127.0.0.1
2025-09-28 12:42:14,901 [application.py:log_request()] - 101 GET /websocket? (127.0.0.1) [_TRUSTED_USER_] 9.34ms
2025-09-28 12:42:14,902 [websockets.py:open()] - Websocket Opened: ID: 281472873708680, Proxied: False, User Agent: WebSocket++/0.8.1, Host Name: localhost
2025-09-28 12:42:15,143 [server.py:add_log_rollover_item()] - Klipper Version: v0.12.0-113-g28f06a104-dirty
2025-09-28 12:42:15,260 [klippy_connection.py:_request_initial_subscriptions()] - Webhooks Subscribed
2025-09-28 12:42:15,279 [klippy_connection.py:_request_initial_subscriptions()] - GCode Output Subscribed
2025-09-28 12:42:15,508 [job_state.py:_handle_started()] - Job state initialized: standby
2025-09-28 12:42:15,797 [klippy_connection.py:_check_ready()] - Klippy ready
2025-09-28 12:42:16,262 [data_store.py:_init_sensors()] - Configuring available sensors: ['heater_bed', 'heater_generic heater_bed1', 'extruder']
2025-09-28 12:42:18,144 [klippy_connection.py:close()] - Error closing Klippy Unix Socket
Traceback (most recent call last):
  File "/home/mks/moonraker/moonraker/components/klippy_connection.py", line 769, in close
    await self.writer.wait_closed()
  File "/usr/lib/python3.7/asyncio/streams.py", line 323, in wait_closed
    await self._protocol._closed
  File "/home/mks/moonraker/moonraker/components/klippy_connection.py", line 172, in _read_stream
    data = await reader.readuntil(b'\x03')
  File "/usr/lib/python3.7/asyncio/streams.py", line 588, in readuntil
    await self._wait_for_data('readuntil')
  File "/usr/lib/python3.7/asyncio/streams.py", line 473, in _wait_for_data
    await self._waiter
  File "/usr/lib/python3.7/asyncio/selector_events.py", line 801, in _read_ready__data_received
    data = self._sock.recv(self.max_size)
ConnectionResetError: [Errno 104] Connection reset by peer
2025-09-28 12:42:18,146 [klippy_connection.py:_on_connection_closed()] - Klippy Connection Removed
2025-09-28 12:42:18,164 [common.py:build_error()] - JSON-RPC Request Error - Requested Method: printer.objects.query, Code: 503, Message: Klippy Disconnected
2025-09-28 12:42:19,079 [common.py:build_error()] - JSON-RPC Request Error - Requested Method: printer.objects.query, Code: 503, Message: Klippy Host not connected
2025-09-28 12:42:19,439 [klippy_connection.py:_do_connect()] - Klippy Connection Established
2025-09-28 12:42:27,352 [klippy_connection.py:_request_initial_subscriptions()] - Webhooks Subscribed
2025-09-28 12:42:27,361 [klippy_connection.py:_request_initial_subscriptions()] - GCode Output Subscribed
2025-09-28 12:42:27,600 [job_state.py:_handle_started()] - Job state initialized: standby
2025-09-28 12:42:27,900 [klippy_connection.py:_check_ready()] - Klippy ready
2025-09-28 12:42:28,357 [data_store.py:_init_sensors()] - Configuring available sensors: ['heater_bed', 'heater_generic heater_bed1', 'extruder']
2025-09-28 12:42:33,100 [base_deploy.py:log_info()] - PackageKit: Detected 72 package updates:
bsdutils
distro-info-data
fdisk
gstreamer1.0-plugins-base
gstreamer1.0-plugins-base-apps
gstreamer1.0-pulseaudio
imagemagick
imagemagick-6-common
imagemagick-6.q16
libaom0
libasound2-plugins
libblkid-dev
libblkid1
libcaca0
libchromaprint1
libcurl3-gnutls
libexpat1
libexpat1-dev
libfdisk1
libgd3
libgnutls30
libgstreamer-plugins-base1.0-0
libmagickcore-6.q16-6
libmagickwand-6.q16-6
libmount-dev
libmount1
libnghttp2-14
libnss3
libpython2.7
libpython2.7-dev
libpython2.7-minimal
libpython2.7-stdlib
libpython3.7
libpython3.7-dev
libpython3.7-minimal
libpython3.7-stdlib
libqt5core5a
libqt5dbus5
libqt5gui5
libqt5network5
libqt5widgets5
librtmp1
libsmartcols1
libsmbclient
libtiff5
libtwolame0
libuuid1
libuv1
libwbclient0
libxvidcore4
linux-dtb-edge-rockchip64
linux-image-edge-rockchip64
mount
python2.7
python2.7-dev
python2.7-minimal
python3-pil
python3.7
python3.7-dev
python3.7-minimal
rfkill
samba-common
samba-libs
smbclient
tar
tzdata
util-linux
uuid-dev
wpasupplicant
xserver-common
xserver-xorg-core
xserver-xorg-legacy
2025-09-28 12:42:33,206 [shell_command.py:_check_proc_success()] - Command (git -C /home/mks/moonraker status --porcelain -b) successfully finished
2025-09-28 12:42:33,279 [shell_command.py:_check_proc_success()] - Command (git -C /home/mks/moonraker branch --list --no-color) successfully finished
2025-09-28 12:42:33,383 [shell_command.py:_check_proc_success()] - Command (git -C /home/mks/moonraker remote get-url origin) successfully finished
2025-09-28 12:42:35,584 [shell_command.py:_check_proc_success()] - Command (git -C /home/mks/moonraker fetch origin --prune --progress) successfully finished
2025-09-28 12:42:35,656 [shell_command.py:_check_proc_success()] - Command (git -C /home/mks/moonraker merge-base --is-ancestor HEAD origin/master) successfully finished
2025-09-28 12:42:35,692 [shell_command.py:_check_proc_success()] - Command (git -C /home/mks/moonraker rev-parse HEAD) successfully finished
2025-09-28 12:42:35,792 [shell_command.py:_check_proc_success()] - Command (git -C /home/mks/moonraker describe --always --tags --long --dirty --abbrev=8) successfully finished
2025-09-28 12:42:35,837 [shell_command.py:_check_proc_success()] - Command (git -C /home/mks/moonraker rev-parse origin/master) successfully finished
2025-09-28 12:42:35,961 [shell_command.py:_check_proc_success()] - Command (git -C /home/mks/moonraker describe origin/master --always --tags --long --abbrev=8) successfully finished
2025-09-28 12:42:36,022 [shell_command.py:_check_proc_success()] - Command (git -C /home/mks/moonraker rev-list HEAD..b11a791566c93ade67870b274352c90cfaf00d60 --count) successfully finished
2025-09-28 12:42:36,100 [shell_command.py:_check_proc_success()] - Command (git -C /home/mks/moonraker log aadff0d54e98a536c13d4aca295e3250e06b67b8..origin/master --format="sha:%H%x1Dauthor:%an%x1Ddate:%ct%x1Dsubject:%s%x1Dmessage:%b%x1E" --max-count=100) successfully finished
2025-09-28 12:42:36,423 [shell_command.py:_check_proc_success()] - Command (git -C /home/mks/moonraker for-each-ref --count=100 --sort='-creatordate' --contains=HEAD --merged=origin/master --format='%(if)%(*objecttype)%(then)%(*objecttype) %(*objectname)%(else)%(objecttype) %(objectname)%(end) %(refname)' 'refs/tags') successfully finished
2025-09-28 12:42:36,428 [git_deploy.py:log_repo_info()] - Git Repo moonraker Detected:
Owner: Arksine
Repository Name: moonraker
Path: /home/mks/moonraker
Remote: origin
Branch: master
Remote URL: https://github.com/Arksine/moonraker.git
Recovery URL: https://github.com/Arksine/moonraker.git
Current Commit SHA: aadff0d54e98a536c13d4aca295e3250e06b67b8
Upstream Commit SHA: b11a791566c93ade67870b274352c90cfaf00d60
Current Version: v0.8.0-314-gaadff0d5
Upstream Version: v0.9.3-116-gb11a7915
Rollback Commit: aadff0d54e98a536c13d4aca295e3250e06b67b8
Rollback Branch: master
Rollback Version: v0.8.0-314-gaadff0d5
Is Dirty: False
Is Detached: False
Is Shallow: False
Commits Behind Count: 223
Diverged: False
2025-09-28 12:42:36,429 [base_deploy.py:log_info()] - Git Repo moonraker: Channel: dev
2025-09-28 12:42:36,429 [base_deploy.py:log_info()] - Git Repo moonraker: Validity check for git repo passed
2025-09-28 12:42:36,585 [shell_command.py:_check_proc_success()] - Command (git -C /home/mks/klipper status --porcelain -b) successfully finished
2025-09-28 12:42:36,748 [shell_command.py:_check_proc_success()] - Command (git -C /home/mks/klipper branch --list --no-color) successfully finished
2025-09-28 12:42:36,835 [shell_command.py:_check_proc_success()] - Command (git -C /home/mks/klipper remote get-url origin) successfully finished
2025-09-28 12:43:01,363 [shell_command.py:_check_proc_success()] - Command (git -C /home/mks/klipper fetch origin --prune --progress) successfully finished
2025-09-28 12:43:01,416 [shell_command.py:_check_proc_success()] - Command (git -C /home/mks/klipper merge-base --is-ancestor HEAD origin/master) successfully finished
2025-09-28 12:43:01,442 [shell_command.py:_check_proc_success()] - Command (git -C /home/mks/klipper rev-parse HEAD) successfully finished
2025-09-28 12:43:01,649 [shell_command.py:_check_proc_success()] - Command (git -C /home/mks/klipper describe --always --tags --long --dirty --abbrev=8) successfully finished
2025-09-28 12:43:01,675 [shell_command.py:_check_proc_success()] - Command (git -C /home/mks/klipper rev-parse origin/master) successfully finished
2025-09-28 12:43:01,919 [shell_command.py:_check_proc_success()] - Command (git -C /home/mks/klipper describe origin/master --always --tags --long --abbrev=8) successfully finished
2025-09-28 12:43:01,978 [shell_command.py:_check_proc_success()] - Command (git -C /home/mks/klipper rev-list HEAD..af17c8c238ba8cdeaaabb87b25a3ca2375b47c11 --count) successfully finished
2025-09-28 12:43:02,042 [shell_command.py:_check_proc_success()] - Command (git -C /home/mks/klipper log 28f06a104bc0cfe3a7d36db343ade5a805b3e132..origin/master --format="sha:%H%x1Dauthor:%an%x1Ddate:%ct%x1Dsubject:%s%x1Dmessage:%b%x1E" --max-count=100) successfully finished
2025-09-28 12:43:02,283 [shell_command.py:_check_proc_success()] - Command (git -C /home/mks/klipper for-each-ref --count=100 --sort='-creatordate' --contains=HEAD --merged=origin/master --format='%(if)%(*objecttype)%(then)%(*objecttype) %(*objectname)%(else)%(objecttype) %(objectname)%(end) %(refname)' 'refs/tags') successfully finished
2025-09-28 12:43:02,285 [git_deploy.py:log_repo_info()] - Git Repo klipper Detected:
Owner: Klipper3d
Repository Name: klipper
Path: /home/mks/klipper
Remote: origin
Branch: master
Remote URL: https://github.com/Klipper3d/klipper
Recovery URL: https://github.com/Klipper3d/klipper
Current Commit SHA: 28f06a104bc0cfe3a7d36db343ade5a805b3e132
Upstream Commit SHA: af17c8c238ba8cdeaaabb87b25a3ca2375b47c11
Current Version: v0.12.0-113-g28f06a10
Upstream Version: v0.13.0-294-gaf17c8c2
Rollback Commit: 28f06a104bc0cfe3a7d36db343ade5a805b3e132
Rollback Branch: master
Rollback Version: v0.12.0-113-g28f06a10
Is Dirty: False
Is Detached: False
Is Shallow: False
Commits Behind Count: 674
Diverged: False
Repo Warnings:
  Repo has untracked source files: ['klippy/extras/gcode_shell_command.py', 'klippy/extras/x_twist_compensation.py']
2025-09-28 12:43:02,286 [base_deploy.py:log_info()] - Git Repo klipper: Channel: dev
2025-09-28 12:43:02,286 [base_deploy.py:log_info()] - Git Repo klipper: Validity check for git repo passed
2025-09-28 12:43:02,340 [shell_command.py:_check_proc_success()] - Command (git -C /home/mks/klipper-backup status --porcelain -b) successfully finished
2025-09-28 12:43:02,393 [shell_command.py:_check_proc_success()] - Command (git -C /home/mks/klipper-backup branch --list --no-color) successfully finished
2025-09-28 12:43:02,444 [shell_command.py:_check_proc_success()] - Command (git -C /home/mks/klipper-backup remote get-url origin) successfully finished
2025-09-28 12:43:04,256 [shell_command.py:_check_proc_success()] - Command (git -C /home/mks/klipper-backup fetch origin --prune --progress) successfully finished
2025-09-28 12:43:04,287 [shell_command.py:_check_proc_success()] - Command (git -C /home/mks/klipper-backup merge-base --is-ancestor HEAD origin/main) successfully finished
2025-09-28 12:43:04,313 [shell_command.py:_check_proc_success()] - Command (git -C /home/mks/klipper-backup rev-parse HEAD) successfully finished
2025-09-28 12:43:04,350 [shell_command.py:_check_proc_success()] - Command (git -C /home/mks/klipper-backup describe --always --tags --long --dirty --abbrev=8) successfully finished
2025-09-28 12:43:04,376 [shell_command.py:_check_proc_success()] - Command (git -C /home/mks/klipper-backup rev-parse origin/main) successfully finished
2025-09-28 12:43:04,412 [shell_command.py:_check_proc_success()] - Command (git -C /home/mks/klipper-backup describe origin/main --always --tags --long --abbrev=8) successfully finished
2025-09-28 12:43:04,443 [shell_command.py:_check_proc_success()] - Command (git -C /home/mks/klipper-backup rev-list HEAD..fb935189d035d3bf3ef9b316acec80b44a2eedd9 --count) successfully finished
2025-09-28 12:43:04,488 [shell_command.py:_check_proc_success()] - Command (git -C /home/mks/klipper-backup log d51cc589c8eb52b1eee8748edaab07d5fe6e31b6..origin/main --format="sha:%H%x1Dauthor:%an%x1Ddate:%ct%x1Dsubject:%s%x1Dmessage:%b%x1E" --max-count=100) successfully finished
2025-09-28 12:43:04,528 [shell_command.py:_check_proc_success()] - Command (git -C /home/mks/klipper-backup for-each-ref --count=100 --sort='-creatordate' --contains=HEAD --merged=origin/main --format='%(if)%(*objecttype)%(then)%(*objecttype) %(*objectname)%(else)%(objecttype) %(objectname)%(end) %(refname)' 'refs/tags') successfully finished
2025-09-28 12:43:04,531 [git_deploy.py:log_repo_info()] - Git Repo klipper-backup Detected:
Owner: Staubgeborener
Repository Name: klipper-backup
Path: /home/mks/klipper-backup
Remote: origin
Branch: main
Remote URL: https://github.com/Staubgeborener/klipper-backup.git
Recovery URL: https://github.com/Staubgeborener/klipper-backup.git
Current Commit SHA: d51cc589c8eb52b1eee8748edaab07d5fe6e31b6
Upstream Commit SHA: fb935189d035d3bf3ef9b316acec80b44a2eedd9
Current Version: v1.3.0-2-gd51cc589
Upstream Version: v1.3.4-1-gfb935189
Rollback Commit: 67929a3e868279547ead4d4f55f2be8ab352f241
Rollback Branch: main
Rollback Version: v1.2.1-0-g67929a3e
Is Dirty: False
Is Detached: False
Is Shallow: False
Commits Behind Count: 36
Diverged: False
2025-09-28 12:43:04,532 [base_deploy.py:log_info()] - Git Repo klipper-backup: Channel: dev
2025-09-28 12:43:04,532 [base_deploy.py:log_info()] - Git Repo klipper-backup: Validity check for git repo passed
2025-09-28 12:43:04,589 [shell_command.py:_check_proc_success()] - Command (git -C /home/mks/Klipper-Adaptive-Meshing-Purging status --porcelain -b) successfully finished
2025-09-28 12:43:04,641 [shell_command.py:_check_proc_success()] - Command (git -C /home/mks/Klipper-Adaptive-Meshing-Purging branch --list --no-color) successfully finished
2025-09-28 12:43:04,692 [shell_command.py:_check_proc_success()] - Command (git -C /home/mks/Klipper-Adaptive-Meshing-Purging remote get-url origin) successfully finished
2025-09-28 12:43:05,191 [shell_command.py:_check_proc_success()] - Command (git -C /home/mks/Klipper-Adaptive-Meshing-Purging fetch origin --prune --progress) successfully finished
2025-09-28 12:43:05,223 [shell_command.py:_check_proc_success()] - Command (git -C /home/mks/Klipper-Adaptive-Meshing-Purging merge-base --is-ancestor HEAD origin/main) successfully finished
2025-09-28 12:43:05,249 [shell_command.py:_check_proc_success()] - Command (git -C /home/mks/Klipper-Adaptive-Meshing-Purging rev-parse HEAD) successfully finished
2025-09-28 12:43:05,287 [shell_command.py:_check_proc_success()] - Command (git -C /home/mks/Klipper-Adaptive-Meshing-Purging describe --always --tags --long --dirty --abbrev=8) successfully finished
2025-09-28 12:43:05,314 [shell_command.py:_check_proc_success()] - Command (git -C /home/mks/Klipper-Adaptive-Meshing-Purging rev-parse origin/main) successfully finished
2025-09-28 12:43:05,347 [shell_command.py:_check_proc_success()] - Command (git -C /home/mks/Klipper-Adaptive-Meshing-Purging describe origin/main --always --tags --long --abbrev=8) successfully finished
2025-09-28 12:43:05,375 [shell_command.py:_check_proc_success()] - Command (git -C /home/mks/Klipper-Adaptive-Meshing-Purging rev-list HEAD..b0dad8ec9ee31cb644b94e39d4b8a8fb9d6c9ba0 --count) successfully finished
2025-09-28 12:43:05,405 [shell_command.py:_check_proc_success()] - Command (git -C /home/mks/Klipper-Adaptive-Meshing-Purging log d657271f13fc429b5ca36a4f8956b67c9ddf0558..origin/main --format="sha:%H%x1Dauthor:%an%x1Ddate:%ct%x1Dsubject:%s%x1Dmessage:%b%x1E" --max-count=100) successfully finished
2025-09-28 12:43:05,437 [shell_command.py:_check_proc_success()] - Command (git -C /home/mks/Klipper-Adaptive-Meshing-Purging for-each-ref --count=100 --sort='-creatordate' --contains=HEAD --merged=origin/main --format='%(if)%(*objecttype)%(then)%(*objecttype) %(*objectname)%(else)%(objecttype) %(objectname)%(end) %(refname)' 'refs/tags') successfully finished
2025-09-28 12:43:05,440 [git_deploy.py:log_repo_info()] - Git Repo Klipper-Adaptive-Meshing-Purging Detected:
Owner: kyleisah
Repository Name: Klipper-Adaptive-Meshing-Purging
Path: /home/mks/Klipper-Adaptive-Meshing-Purging
Remote: origin
Branch: main
Remote URL: https://github.com/kyleisah/Klipper-Adaptive-Meshing-Purging.git
Recovery URL: https://github.com/kyleisah/Klipper-Adaptive-Meshing-Purging.git
Current Commit SHA: d657271f13fc429b5ca36a4f8956b67c9ddf0558
Upstream Commit SHA: b0dad8ec9ee31cb644b94e39d4b8a8fb9d6c9ba0
Current Version: v1.1.2-12-gd657271f
Upstream Version: v1.1.2-13-gb0dad8ec
Rollback Commit: d657271f13fc429b5ca36a4f8956b67c9ddf0558
Rollback Branch: main
Rollback Version: v1.1.2-12-gd657271f
Is Dirty: False
Is Detached: False
Is Shallow: False
Commits Behind Count: 1
Diverged: False
2025-09-28 12:43:05,440 [base_deploy.py:log_info()] - Git Repo Klipper-Adaptive-Meshing-Purging: Channel: dev
2025-09-28 12:43:05,440 [base_deploy.py:log_info()] - Git Repo Klipper-Adaptive-Meshing-Purging: Validity check for git repo passed
2025-09-28 12:45:44,102 [application.py:log_request()] - 400 GET /server/files/directory?path= (127.0.0.1) [_TRUSTED_USER_] 20.72ms
2025-09-28 12:58:03,905 [authorization.py:_check_trusted_connection()] - Trusted Connection Detected, IP: 192.168.1.226
2025-09-28 12:58:03,915 [application.py:log_request()] - 101 GET /websocket (192.168.1.226) [_TRUSTED_USER_] 15.19ms
2025-09-28 12:58:03,915 [websockets.py:open()] - Websocket Opened: ID: 281472873866856, Proxied: False, User Agent: Mozilla/5.0 (Windows NT 10.0; Win64; x64) AppleWebKit/537.36 (KHTML, like Gecko) Chrome/140.0.0.0 Safari/537.36, Host Name: 192.168.1.179
2025-09-28 12:58:03,920 [application.py:log_request()] - 101 GET /websocket (192.168.1.226) [_TRUSTED_USER_] 17.22ms
2025-09-28 12:58:03,921 [websockets.py:open()] - Websocket Opened: ID: 281473174748016, Proxied: True, User Agent: Mozilla/5.0 (Windows NT 10.0; Win64; x64) AppleWebKit/537.36 (KHTML, like Gecko) Chrome/140.0.0.0 Safari/537.36, Host Name: 192.168.1.179
2025-09-28 12:58:03,934 [websockets.py:on_close()] - Websocket Closed: ID: 281472873866856 Close Code: None, Close Reason: None, Pong Time Elapsed: 0.03
2025-09-28 12:58:03,938 [websockets.py:on_close()] - Websocket Closed: ID: 281473174748016 Close Code: 1001, Close Reason: None, Pong Time Elapsed: 0.03
2025-09-28 12:58:04,069 [application.py:log_request()] - 101 GET /websocket?token=KR4QBSJNYWDKMDDJIDHPQR4YMQWOQW23 (192.168.1.226) [_TRUSTED_USER_] 3.93ms
2025-09-28 12:58:04,070 [websockets.py:open()] - Websocket Opened: ID: 281473183269104, Proxied: False, User Agent: Mozilla/5.0 (Windows NT 10.0; Win64; x64) AppleWebKit/537.36 (KHTML, like Gecko) Chrome/140.0.0.0 Safari/537.36, Host Name: 192.168.1.179
2025-09-28 12:58:04,075 [websockets.py:_handle_identify()] - Websocket 281473183269104 Client Identified - Name: fluidd, Version: 1.28.1-d1ef3a4, Type: web
2025-09-28 12:58:04,077 [file_manager.py:get_file_list()] - Updating File List <config>...
2025-09-28 13:47:10,051 [authorization.py:_prune_conn_handler()] - Trusted Connection Expired, IP: 127.0.0.1
2025-09-28 13:55:14,390 [application.py:prepare()] - Upload Request Received from 192.168.1.226
Content-Type: 
2025-09-28 13:55:14,401 [application.py:prepare()] - Upload Request Received from 192.168.1.226
Content-Type: multipart/form-data; boundary=----WebKitFormBoundaryBp7ztnZb2BKyZyre
2025-09-28 13:55:14,490 [application.py:post()] - Processing Uploaded File: smeaton.gcode
2025-09-28 13:55:15,077 [shell_command.py:pipe_data_received()] - INFO:metadata:Object Processing is enabled

2025-09-28 13:55:15,184 [shell_command.py:pipe_data_received()] - INFO:prepropress_cancellation:Shapely not found, complex hulls disabled

2025-09-28 13:55:15,201 [shell_command.py:pipe_data_received()] - INFO:metadata:Performing Object Processing on file: smeaton.gcode, sliced by Cura

2025-09-28 13:55:16,784 [shell_command.py:_check_proc_success()] - Command (/home/mks/moonraker-env/bin/python /home/mks/moonraker/moonraker/components/file_manager/metadata.py -p /home/mks/gcode_files -f "smeaton.gcode" --check-objects) successfully finished
2025-09-28 13:55:16,792 [application.py:log_request()] - 201 POST /server/files/upload (192.168.1.226) [_TRUSTED_USER_] 2393.59ms
2025-09-28 13:55:20,872 [job_state.py:_status_update()] - Job Started: smeaton.gcode
2025-09-28 14:07:36,755 [authorization.py:_check_trusted_connection()] - Trusted Connection Detected, IP: 192.168.1.130
2025-09-28 14:07:36,759 [application.py:log_request()] - 101 GET /websocket (192.168.1.130) [_TRUSTED_USER_] 7.13ms
2025-09-28 14:07:36,760 [websockets.py:open()] - Websocket Opened: ID: 281472873910400, Proxied: True, User Agent: Mozilla/5.0 (Windows NT 10.0; Win64; x64) AppleWebKit/537.36 (KHTML, like Gecko) Chrome/140.0.0.0 Safari/537.36, Host Name: 192.168.1.179
2025-09-28 14:07:36,768 [application.py:log_request()] - 101 GET /websocket (192.168.1.130) [_TRUSTED_USER_] 3.35ms
2025-09-28 14:07:36,769 [websockets.py:open()] - Websocket Opened: ID: 281472873910344, Proxied: False, User Agent: Mozilla/5.0 (Windows NT 10.0; Win64; x64) AppleWebKit/537.36 (KHTML, like Gecko) Chrome/140.0.0.0 Safari/537.36, Host Name: 192.168.1.179
2025-09-28 14:07:36,856 [websockets.py:on_close()] - Websocket Closed: ID: 281472873910400 Close Code: None, Close Reason: None, Pong Time Elapsed: 0.10
2025-09-28 14:07:36,878 [websockets.py:on_close()] - Websocket Closed: ID: 281472873910344 Close Code: 1001, Close Reason: None, Pong Time Elapsed: 0.11
2025-09-28 14:07:37,577 [application.py:log_request()] - 101 GET /websocket?token=KTCWNGSHIXU22KTK35VE555K2CQFII4S (192.168.1.130) [_TRUSTED_USER_] 3.93ms
2025-09-28 14:07:37,578 [websockets.py:open()] - Websocket Opened: ID: 281472874297552, Proxied: True, User Agent: Mozilla/5.0 (Windows NT 10.0; Win64; x64) AppleWebKit/537.36 (KHTML, like Gecko) Chrome/140.0.0.0 Safari/537.36, Host Name: 192.168.1.179
2025-09-28 14:07:37,589 [websockets.py:_handle_identify()] - Websocket 281472874297552 Client Identified - Name: fluidd, Version: 1.28.1-d1ef3a4, Type: web
2025-09-28 14:07:37,590 [file_manager.py:get_file_list()] - Updating File List <config>...
2025-09-28 14:12:04,643 [websockets.py:on_close()] - Websocket Closed: ID: 281472874297552 Close Code: None, Close Reason: None, Pong Time Elapsed: 7.04
2025-09-28 14:12:19,238 [application.py:log_request()] - 101 GET /websocket?token=6MMGFIZFYHTQJCMKC5WYDGWYKHHZ6OTY (192.168.1.130) [_TRUSTED_USER_] 4.31ms
2025-09-28 14:12:19,239 [websockets.py:open()] - Websocket Opened: ID: 281472873952368, Proxied: True, User Agent: Mozilla/5.0 (Windows NT 10.0; Win64; x64) AppleWebKit/537.36 (KHTML, like Gecko) Chrome/140.0.0.0 Safari/537.36, Host Name: 192.168.1.179
2025-09-28 14:12:19,269 [websockets.py:_handle_identify()] - Websocket 281472873952368 Client Identified - Name: fluidd, Version: 1.28.1-d1ef3a4, Type: web
2025-09-28 14:12:19,271 [file_manager.py:get_file_list()] - Updating File List <config>...
2025-09-28 14:15:25,893 [websockets.py:on_close()] - Websocket Closed: ID: 281472873952368 Close Code: None, Close Reason: None, Pong Time Elapsed: 6.64
2025-09-28 14:25:29,525 [application.py:log_request()] - 101 GET /websocket?token=2EMQVE7BOEHELKPLCKEQHRF3M5QXC2B6 (192.168.1.130) [_TRUSTED_USER_] 5.14ms
2025-09-28 14:25:29,526 [websockets.py:open()] - Websocket Opened: ID: 281473174777472, Proxied: True, User Agent: Mozilla/5.0 (Windows NT 10.0; Win64; x64) AppleWebKit/537.36 (KHTML, like Gecko) Chrome/140.0.0.0 Safari/537.36, Host Name: 192.168.1.179
2025-09-28 14:25:29,541 [websockets.py:_handle_identify()] - Websocket 281473174777472 Client Identified - Name: fluidd, Version: 1.28.1-d1ef3a4, Type: web
2025-09-28 14:25:29,543 [file_manager.py:get_file_list()] - Updating File List <config>...
2025-09-28 14:28:29,744 [websockets.py:write_to_socket()] - Websocket closed while writing: 281473174777472
2025-09-28 14:28:31,286 [websockets.py:on_close()] - Websocket Closed: ID: 281473174777472 Close Code: None, Close Reason: None, Pong Time Elapsed: 0.00
2025-09-28 14:45:07,889 [application.py:log_request()] - 101 GET /websocket?token=3SMD3AJ2O73VYSOYZ3AFAH3L67LSYUX3 (192.168.1.130) [_TRUSTED_USER_] 4.75ms
2025-09-28 14:45:07,890 [websockets.py:open()] - Websocket Opened: ID: 281472433460000, Proxied: True, User Agent: Mozilla/5.0 (Windows NT 10.0; Win64; x64) AppleWebKit/537.36 (KHTML, like Gecko) Chrome/140.0.0.0 Safari/537.36, Host Name: 192.168.1.179
2025-09-28 14:45:08,122 [websockets.py:_handle_identify()] - Websocket 281472433460000 Client Identified - Name: fluidd, Version: 1.28.1-d1ef3a4, Type: web
2025-09-28 14:45:08,124 [file_manager.py:get_file_list()] - Updating File List <config>...
2025-09-28 14:45:57,980 [websockets.py:write_to_socket()] - Websocket closed while writing: 281472433460000
2025-09-28 14:46:00,598 [websockets.py:on_close()] - Websocket Closed: ID: 281472433460000 Close Code: 1001, Close Reason: None, Pong Time Elapsed: 38.61
2025-09-28 14:46:05,457 [application.py:log_request()] - 101 GET /websocket?token=NOTYGNJQSFWXID7UHTR555XDRP5GKOSJ (192.168.1.130) [_TRUSTED_USER_] 4.34ms
2025-09-28 14:46:05,458 [websockets.py:open()] - Websocket Opened: ID: 281472873614528, Proxied: True, User Agent: Mozilla/5.0 (Windows NT 10.0; Win64; x64) AppleWebKit/537.36 (KHTML, like Gecko) Chrome/140.0.0.0 Safari/537.36, Host Name: 192.168.1.179
2025-09-28 14:46:05,564 [websockets.py:_handle_identify()] - Websocket 281472873614528 Client Identified - Name: fluidd, Version: 1.28.1-d1ef3a4, Type: web
2025-09-28 14:46:05,566 [file_manager.py:get_file_list()] - Updating File List <config>...
2025-09-28 14:46:48,944 [websockets.py:on_close()] - Websocket Closed: ID: 281472873614528 Close Code: 1001, Close Reason: None, Pong Time Elapsed: 5.79
2025-09-28 14:46:51,119 [application.py:log_request()] - 101 GET /websocket?token=VQ4LKBMK46KXFQHK6XGRMXLS3MDFZ7BC (192.168.1.130) [_TRUSTED_USER_] 4.38ms
2025-09-28 14:46:51,120 [websockets.py:open()] - Websocket Opened: ID: 281472434908912, Proxied: True, User Agent: Mozilla/5.0 (Windows NT 10.0; Win64; x64) AppleWebKit/537.36 (KHTML, like Gecko) Chrome/140.0.0.0 Safari/537.36, Host Name: 192.168.1.179
2025-09-28 14:46:51,178 [websockets.py:_handle_identify()] - Websocket 281472434908912 Client Identified - Name: fluidd, Version: 1.28.1-d1ef3a4, Type: web
2025-09-28 14:46:51,180 [file_manager.py:get_file_list()] - Updating File List <config>...
2025-09-28 14:52:55,280 [websockets.py:on_close()] - Websocket Closed: ID: 281472434908912 Close Code: 1001, Close Reason: None, Pong Time Elapsed: 29.57
2025-09-28 14:52:55,836 [application.py:log_request()] - 101 GET /websocket?token=Q54OTF6YEXPIQVCPPCYFVG7ICZ3LVY66 (192.168.1.130) [_TRUSTED_USER_] 4.31ms
2025-09-28 14:52:55,838 [websockets.py:open()] - Websocket Opened: ID: 281472874483664, Proxied: True, User Agent: Mozilla/5.0 (Windows NT 10.0; Win64; x64) AppleWebKit/537.36 (KHTML, like Gecko) Chrome/140.0.0.0 Safari/537.36, Host Name: 192.168.1.179
2025-09-28 14:52:55,858 [websockets.py:_handle_identify()] - Websocket 281472874483664 Client Identified - Name: fluidd, Version: 1.28.1-d1ef3a4, Type: web
2025-09-28 14:52:55,860 [file_manager.py:get_file_list()] - Updating File List <config>...
2025-09-28 14:57:10,068 [authorization.py:_prune_conn_handler()] - Trusted Connection Expired, IP: 192.168.1.226
2025-09-28 14:58:48,277 [authorization.py:_check_trusted_connection()] - Trusted Connection Detected, IP: 192.168.1.114
2025-09-28 14:58:48,283 [application.py:log_request()] - 101 GET /websocket (192.168.1.114) [_TRUSTED_USER_] 9.57ms
2025-09-28 14:58:48,285 [websockets.py:open()] - Websocket Opened: ID: 281472434907456, Proxied: False, User Agent: Mozilla/5.0 (Linux; Android 10; K) AppleWebKit/537.36 (KHTML, like Gecko) Chrome/140.0.0.0 Mobile Safari/537.36, Host Name: 192.168.1.179
2025-09-28 14:58:48,296 [application.py:log_request()] - 101 GET /websocket (192.168.1.114) [_TRUSTED_USER_] 4.11ms
2025-09-28 14:58:48,297 [websockets.py:open()] - Websocket Opened: ID: 281472434757192, Proxied: True, User Agent: Mozilla/5.0 (Linux; Android 10; K) AppleWebKit/537.36 (KHTML, like Gecko) Chrome/140.0.0.0 Mobile Safari/537.36, Host Name: 192.168.1.179
2025-09-28 14:58:48,379 [websockets.py:on_close()] - Websocket Closed: ID: 281472434907456 Close Code: None, Close Reason: None, Pong Time Elapsed: 0.10
2025-09-28 14:58:48,382 [websockets.py:on_close()] - Websocket Closed: ID: 281472434757192 Close Code: 1001, Close Reason: None, Pong Time Elapsed: 0.09
2025-09-28 14:58:58,286 [application.py:log_request()] - 101 GET /websocket?token=6ZU2K47Q2G6FNFI6X3ZZENES6YNGO4FH (192.168.1.114) [_TRUSTED_USER_] 6.18ms
2025-09-28 14:58:58,287 [websockets.py:open()] - Websocket Opened: ID: 281472829787104, Proxied: False, User Agent: Mozilla/5.0 (Linux; Android 10; K) AppleWebKit/537.36 (KHTML, like Gecko) Chrome/140.0.0.0 Mobile Safari/537.36, Host Name: 192.168.1.179
2025-09-28 14:58:58,753 [websockets.py:_handle_identify()] - Websocket 281472829787104 Client Identified - Name: fluidd, Version: 1.28.1-d1ef3a4, Type: web
2025-09-28 14:58:59,084 [file_manager.py:get_file_list()] - Updating File List <config>...
